<?xml version="1.0" encoding="UTF-8"?>
<!-- Generated by org.testng.reporters.JUnitReportReporter -->
<testsuite hostname="DESKTOP-QDA8JT9" failures="0" tests="3" name="com.curademo.testcases.Curademotest" time="9.047" errors="0" timestamp="2023-04-01T19:32:16 CST" skipped="0">
  <testcase classname="com.curademo.testcases.Curademotest" name="testBookAppointmentOne" time="5.533"/>
  <system-out/>
  <testcase classname="com.curademo.testcases.Curademotest" name="testBookAppointmentTwo" time="1.850"/>
  <system-out/>
  <testcase classname="com.curademo.testcases.Curademotest" name="testBookAppointmentThree" time="1.664"/>
  <system-out/>
</testsuite> <!-- com.curademo.testcases.Curademotest -->
