<?xml version="1.0" encoding="UTF-8"?>
<!-- Generated by org.testng.reporters.JUnitReportReporter -->
<testsuite hostname="DESKTOP-QDA8JT9" failures="0" tests="1" name="com.goalsetter.testcases.LoginTestGoalSetter" time="34.367" errors="0" timestamp="2023-03-18T17:04:08 CST" skipped="0">
  <testcase classname="com.goalsetter.testcases.LoginTestGoalSetter" name="testGoalSetter" time="34.367"/>
  <system-out/>
</testsuite> <!-- com.goalsetter.testcases.LoginTestGoalSetter -->
