<?xml version="1.0" encoding="UTF-8"?>
<!-- Generated by org.testng.reporters.JUnitReportReporter -->
<testsuite hostname="DESKTOP-QDA8JT9" failures="0" tests="1" name="com.curademo.testcases.Curademotest" time="23.860" errors="0" timestamp="2023-03-30T11:46:39 CST" skipped="0">
  <testcase classname="com.curademo.testcases.Curademotest" name="testGoalSetter" time="23.860"/>
  <system-out/>
</testsuite> <!-- com.curademo.testcases.Curademotest -->
